<?xml version="1.0" encoding="UTF-8"?><testsuite errors="0" failures="0" name="Registro de cuenta Demo" skipped="0" tests="4" time="65.63" timestamp="2019-03-28T16:47:54.437-05:00[America/Bogota]"><testcase name="Diligenciamiento exitoso del formulario Registro de cuenta Demo"/><testcase name="Diligenciamiento erroneo con posterior corrección del formulario Registro de cuenta Demo"/><testcase name="Diligenciamiento erroneo del formulario Registro de cuenta Demo Password no coinciden"/><testcase name="Diligenciamiento erroneo del formulario Registro de cuenta Demo Password aleatorias"/></testsuite>